<?xml version="1.0" encoding="UTF-8"?>
<!-- Generated by org.testng.reporters.JUnitReportReporter -->
<testsuite hostname="yp-tc-m-2551deMacBook-Air.local" name="com.dmall.autotest.testplan.NewTest" tests="2" failures="0" timestamp="12 Sep 2020 12:12:28 GMT" time="0.047" errors="0">
  <testcase name="f" time="0.014" classname="com.dmall.autotest.testplan.NewTest"/>
  <testcase name="f" time="0.033" classname="com.dmall.autotest.testplan.NewTest"/>
</testsuite> <!-- com.dmall.autotest.testplan.NewTest -->
