<?xml version="1.0" encoding="UTF-8"?>
<!-- Generated by org.testng.reporters.JUnitReportReporter -->
<testsuite hostname="yp-tc-m-2551deMacBook-Air.local" name="com.dmall.autotest.testscene.TestScheduling2" tests="3" failures="0" timestamp="12 Sep 2020 13:52:33 GMT" time="0.200" errors="0">
  <testcase name="test3" time="0.077" classname="com.dmall.autotest.testscene.TestScheduling2"/>
  <testcase name="test2" time="0.074" classname="com.dmall.autotest.testscene.TestScheduling2"/>
  <testcase name="test1" time="0.049" classname="com.dmall.autotest.testscene.TestScheduling2"/>
</testsuite> <!-- com.dmall.autotest.testscene.TestScheduling2 -->
