<?xml version="1.0" encoding="UTF-8"?>
<!-- Generated by org.testng.reporters.JUnitReportReporter -->
<testsuite hostname="yp-tc-m-2551deMacBook-Air.local" name="com.dmall.autotest.testscene.TestScheduling" tests="3" failures="2" timestamp="12 Sep 2020 16:38:03 GMT" time="2.292" errors="0">
  <testcase name="test0" time="1.693" classname="com.dmall.autotest.testscene.TestScheduling">
    <failure type="feign.FeignException" message="Can not deserialize instance of java.lang.String out of START_OBJECT token
 at [Source: java.io.BufferedReader@6f27a732; line: 1, column: 12] (through reference chain: java.util.LinkedHashMap[&quot;data&quot;]) reading GET http://testschedulemanage.dmall.com/aiSchedule/query?siteId=4212&amp;_=1599908741701">
      <![CDATA[feign.FeignException: Can not deserialize instance of java.lang.String out of START_OBJECT token
 at [Source: java.io.BufferedReader@6f27a732; line: 1, column: 12] (through reference chain: java.util.LinkedHashMap["data"]) reading GET http://testschedulemanage.dmall.com/aiSchedule/query?siteId=4212&_=1599908741701
	at feign.FeignException.errorReading(FeignException.java:49)
	at feign.SynchronousMethodHandler.executeAndDecode(SynchronousMethodHandler.java:140)
	at feign.SynchronousMethodHandler.invoke(SynchronousMethodHandler.java:76)
	at feign.ReflectiveFeign$FeignInvocationHandler.invoke(ReflectiveFeign.java:103)
	at com.sun.proxy.$Proxy9.query(Unknown Source)
	at com.dmall.autotest.testscene.TestScheduling.test0(TestScheduling.java:22)
	at sun.reflect.NativeMethodAccessorImpl.invoke0(Native Method)
	at sun.reflect.NativeMethodAccessorImpl.invoke(NativeMethodAccessorImpl.java:62)
	at sun.reflect.DelegatingMethodAccessorImpl.invoke(DelegatingMethodAccessorImpl.java:43)
	at java.lang.reflect.Method.invoke(Method.java:498)
	at org.testng.internal.MethodInvocationHelper.invokeMethod(MethodInvocationHelper.java:84)
	at org.testng.internal.Invoker.invokeMethod(Invoker.java:714)
	at org.testng.internal.Invoker.invokeTestMethod(Invoker.java:901)
	at org.testng.internal.Invoker.invokeTestMethods(Invoker.java:1231)
	at org.testng.internal.TestMethodWorker.invokeTestMethods(TestMethodWorker.java:127)
	at org.testng.internal.TestMethodWorker.run(TestMethodWorker.java:111)
	at org.testng.TestRunner.privateRun(TestRunner.java:767)
	at org.testng.TestRunner.run(TestRunner.java:617)
	at org.testng.SuiteRunner.runTest(SuiteRunner.java:334)
	at org.testng.SuiteRunner.runSequentially(SuiteRunner.java:329)
	at org.testng.SuiteRunner.privateRun(SuiteRunner.java:291)
	at org.testng.SuiteRunner.run(SuiteRunner.java:240)
	at org.testng.SuiteRunnerWorker.runSuite(SuiteRunnerWorker.java:52)
	at org.testng.SuiteRunnerWorker.run(SuiteRunnerWorker.java:86)
	at org.testng.TestNG.runSuitesSequentially(TestNG.java:1224)
	at org.testng.TestNG.runSuitesLocally(TestNG.java:1149)
	at org.testng.TestNG.run(TestNG.java:1057)
	at org.testng.remote.AbstractRemoteTestNG.run(AbstractRemoteTestNG.java:115)
	at org.testng.remote.RemoteTestNG.initAndRun(RemoteTestNG.java:251)
	at org.testng.remote.RemoteTestNG.main(RemoteTestNG.java:77)
Caused by: com.fasterxml.jackson.databind.JsonMappingException: Can not deserialize instance of java.lang.String out of START_OBJECT token
 at [Source: java.io.BufferedReader@6f27a732; line: 1, column: 12] (through reference chain: java.util.LinkedHashMap["data"])
	at com.fasterxml.jackson.databind.JsonMappingException.from(JsonMappingException.java:148)
	at com.fasterxml.jackson.databind.DeserializationContext.mappingException(DeserializationContext.java:857)
	at com.fasterxml.jackson.databind.deser.std.StringDeserializer.deserialize(StringDeserializer.java:62)
	at com.fasterxml.jackson.databind.deser.std.StringDeserializer.deserialize(StringDeserializer.java:11)
	at com.fasterxml.jackson.databind.deser.std.MapDeserializer._readAndBindStringMap(MapDeserializer.java:495)
	at com.fasterxml.jackson.databind.deser.std.MapDeserializer.deserialize(MapDeserializer.java:341)
	at com.fasterxml.jackson.databind.deser.std.MapDeserializer.deserialize(MapDeserializer.java:26)
	at com.fasterxml.jackson.databind.ObjectMapper._readMapAndClose(ObjectMapper.java:3736)
	at com.fasterxml.jackson.databind.ObjectMapper.readValue(ObjectMapper.java:2787)
	at feign.jackson.JacksonDecoder.decode(JacksonDecoder.java:65)
	at feign.SynchronousMethodHandler.decode(SynchronousMethodHandler.java:161)
	at feign.SynchronousMethodHandler.executeAndDecode(SynchronousMethodHandler.java:129)
	... 28 more
]]>
    </failure>
  </testcase> <!-- test0 -->
  <testcase name="test2" time="0.115" classname="com.dmall.autotest.testscene.TestScheduling">
    <failure type="feign.FeignException" message="Can not deserialize instance of java.lang.String out of START_OBJECT token
 at [Source: java.io.BufferedReader@e15b7e8; line: 1, column: 12] (through reference chain: java.util.LinkedHashMap[&quot;data&quot;]) reading GET http://testschedulemanage.dmall.com/aiSchedule/query?siteId=4212&amp;_=1599908741701">
      <![CDATA[feign.FeignException: Can not deserialize instance of java.lang.String out of START_OBJECT token
 at [Source: java.io.BufferedReader@e15b7e8; line: 1, column: 12] (through reference chain: java.util.LinkedHashMap["data"]) reading GET http://testschedulemanage.dmall.com/aiSchedule/query?siteId=4212&_=1599908741701
	at feign.FeignException.errorReading(FeignException.java:49)
	at feign.SynchronousMethodHandler.executeAndDecode(SynchronousMethodHandler.java:140)
	at feign.SynchronousMethodHandler.invoke(SynchronousMethodHandler.java:76)
	at feign.ReflectiveFeign$FeignInvocationHandler.invoke(ReflectiveFeign.java:103)
	at com.sun.proxy.$Proxy9.query(Unknown Source)
	at com.dmall.autotest.testscene.TestScheduling.test2(TestScheduling.java:36)
	at sun.reflect.NativeMethodAccessorImpl.invoke0(Native Method)
	at sun.reflect.NativeMethodAccessorImpl.invoke(NativeMethodAccessorImpl.java:62)
	at sun.reflect.DelegatingMethodAccessorImpl.invoke(DelegatingMethodAccessorImpl.java:43)
	at java.lang.reflect.Method.invoke(Method.java:498)
	at org.testng.internal.MethodInvocationHelper.invokeMethod(MethodInvocationHelper.java:84)
	at org.testng.internal.Invoker.invokeMethod(Invoker.java:714)
	at org.testng.internal.Invoker.invokeTestMethod(Invoker.java:901)
	at org.testng.internal.Invoker.invokeTestMethods(Invoker.java:1231)
	at org.testng.internal.TestMethodWorker.invokeTestMethods(TestMethodWorker.java:127)
	at org.testng.internal.TestMethodWorker.run(TestMethodWorker.java:111)
	at org.testng.TestRunner.privateRun(TestRunner.java:767)
	at org.testng.TestRunner.run(TestRunner.java:617)
	at org.testng.SuiteRunner.runTest(SuiteRunner.java:334)
	at org.testng.SuiteRunner.runSequentially(SuiteRunner.java:329)
	at org.testng.SuiteRunner.privateRun(SuiteRunner.java:291)
	at org.testng.SuiteRunner.run(SuiteRunner.java:240)
	at org.testng.SuiteRunnerWorker.runSuite(SuiteRunnerWorker.java:52)
	at org.testng.SuiteRunnerWorker.run(SuiteRunnerWorker.java:86)
	at org.testng.TestNG.runSuitesSequentially(TestNG.java:1224)
	at org.testng.TestNG.runSuitesLocally(TestNG.java:1149)
	at org.testng.TestNG.run(TestNG.java:1057)
	at org.testng.remote.AbstractRemoteTestNG.run(AbstractRemoteTestNG.java:115)
	at org.testng.remote.RemoteTestNG.initAndRun(RemoteTestNG.java:251)
	at org.testng.remote.RemoteTestNG.main(RemoteTestNG.java:77)
Caused by: com.fasterxml.jackson.databind.JsonMappingException: Can not deserialize instance of java.lang.String out of START_OBJECT token
 at [Source: java.io.BufferedReader@e15b7e8; line: 1, column: 12] (through reference chain: java.util.LinkedHashMap["data"])
	at com.fasterxml.jackson.databind.JsonMappingException.from(JsonMappingException.java:148)
	at com.fasterxml.jackson.databind.DeserializationContext.mappingException(DeserializationContext.java:857)
	at com.fasterxml.jackson.databind.deser.std.StringDeserializer.deserialize(StringDeserializer.java:62)
	at com.fasterxml.jackson.databind.deser.std.StringDeserializer.deserialize(StringDeserializer.java:11)
	at com.fasterxml.jackson.databind.deser.std.MapDeserializer._readAndBindStringMap(MapDeserializer.java:495)
	at com.fasterxml.jackson.databind.deser.std.MapDeserializer.deserialize(MapDeserializer.java:341)
	at com.fasterxml.jackson.databind.deser.std.MapDeserializer.deserialize(MapDeserializer.java:26)
	at com.fasterxml.jackson.databind.ObjectMapper._readMapAndClose(ObjectMapper.java:3736)
	at com.fasterxml.jackson.databind.ObjectMapper.readValue(ObjectMapper.java:2787)
	at feign.jackson.JacksonDecoder.decode(JacksonDecoder.java:65)
	at feign.SynchronousMethodHandler.decode(SynchronousMethodHandler.java:161)
	at feign.SynchronousMethodHandler.executeAndDecode(SynchronousMethodHandler.java:129)
	... 28 more
]]>
    </failure>
  </testcase> <!-- test2 -->
  <testcase name="test1" time="0.484" classname="com.dmall.autotest.testscene.TestScheduling"/>
</testsuite> <!-- com.dmall.autotest.testscene.TestScheduling -->
