<?xml version="1.0" encoding="UTF-8"?>
<!-- Generated by org.testng.reporters.JUnitReportReporter -->
<testsuite hostname="yp-tc-m-2551deMacBook-Air.local" name="com.dmall.autotest.testplan.TestParameterXML" tests="1" failures="0" timestamp="12 Sep 2020 11:44:54 GMT" time="1.434" errors="0">
  <testcase name="test1" time="1.434" classname="com.dmall.autotest.testplan.TestParameterXML"/>
</testsuite> <!-- com.dmall.autotest.testplan.TestParameterXML -->
