<?xml version="1.0" encoding="UTF-8"?>
<!-- Generated by org.testng.reporters.JUnitReportReporter -->
<testsuite hostname="yp-tc-m-2551deMacBook-Air.local" name="com.dmall.autotest.testscene.TestSchedulingByCase" tests="7" failures="0" timestamp="12 Sep 2020 16:42:19 GMT" time="1.912" errors="0">
  <testcase name="test1" time="1.382" classname="com.dmall.autotest.testscene.TestSchedulingByCase"/>
  <testcase name="test2" time="0.058" classname="com.dmall.autotest.testscene.TestSchedulingByCase"/>
  <testcase name="test2" time="0.104" classname="com.dmall.autotest.testscene.TestSchedulingByCase"/>
  <testcase name="test3" time="0.071" classname="com.dmall.autotest.testscene.TestSchedulingByCase"/>
  <testcase name="test3" time="0.123" classname="com.dmall.autotest.testscene.TestSchedulingByCase"/>
  <testcase name="test1" time="0.081" classname="com.dmall.autotest.testscene.TestSchedulingByCase"/>
  <testcase name="test2" time="0.093" classname="com.dmall.autotest.testscene.TestSchedulingByCase"/>
</testsuite> <!-- com.dmall.autotest.testscene.TestSchedulingByCase -->
